
-----------------------------------------------------------------------------------
|         Number of irreps       Number of active MO's           Number of centres|
|                        8                          22                           1|
-----------------------------------------------------------------------------------
 Orbitals on the central atom           4 :           1           8          11
          16
 Orbitals on the neighb. atom           0 :
 User data read

---                     HF energy      -128.4963497305 a.u.

          nr.     sym     occ       orbital energy
          --------------------------------------------------

            1       1     2.0        -1.9404208833

            2       1     0.0         0.2873551877

            3       1     0.0         1.7576919296

            4       1     0.0         1.7576919296

            5       1     0.0         2.7419656931

            6       1     0.0         6.3724730139

            7       1     0.0         6.3724730139

            8       2     2.0        -0.8530401420

            9       2     0.0         0.2930113686

           10       2     0.0         1.9613506229

           11       3     2.0        -0.8530401420

           12       3     0.0         0.2930113686

           13       3     0.0         1.9613506229

           14       4     0.0         1.7576919296

           15       4     0.0         6.3724730139

           16       5     2.0        -0.8530401420

           17       5     0.0         0.2930113686

           18       5     0.0         1.9613506229

           19       6     0.0         1.7576919296

           20       6     0.0         6.3724730139

           21       7     0.0         1.7576919296

           22       7     0.0         6.3724730139

************************************************************


---                                   hole space size      4

---                               particle space size     18

------------------------------------------------------------


          nr.     sym     occ       orbital energy
          --------------------------------------------------

            1       1     2.0        -1.9404208833

            2       2     2.0        -0.8530401420

            3       5     2.0        -0.8530401420

            4       3     2.0        -0.8530401420

            5       1     0.0         0.2873551877

            6       5     0.0         0.2930113686

            7       2     0.0         0.2930113686

            8       3     0.0         0.2930113686

            9       1     0.0         1.7576919296

           10       6     0.0         1.7576919296

           11       4     0.0         1.7576919296

           12       7     0.0         1.7576919296

           13       1     0.0         1.7576919296

           14       5     0.0         1.9613506229

           15       3     0.0         1.9613506229

           16       2     0.0         1.9613506229

           17       1     0.0         2.7419656931

           18       1     0.0         6.3724730139

           19       7     0.0         6.3724730139

           20       4     0.0         6.3724730139

           21       6     0.0         6.3724730139

           22       1     0.0         6.3724730139
 Activating Fano
 Constructing Fano space in ADC2 approximation
 Selecting initial 1h1p subspace

***             Number of 1h-1p configs in the IS ADC     12

------------------------------------------------------------
 Singly excited configurations allowed in the Fin. St. Manif.

*   CNF   SPN   HL1   PT1

*     1     1     1     2
*     2     1    16    17
*     3     1     8     9
*     4     1    11    12
*     5     1     1     3
*     6     1     1     4
*     7     1    16    18
*     8     1    11    13
*     9     1     8    10
*    10     1     1     5
*    11     1     1     6
*    12     1     1     7
 Selecting initial 2h2p subspace

***      Number of 2h-2p |abij> configs in the IS ADC    396

------------------------------------------------------------
  Doubly excited |abij> configs allowed in the Init. St. Manif.

*   CNF   SPN   HL1   HL2   PT1   PT2

*      13     1     1     1     2     2
*      14     1     1     1    17    17
*      15     1     1     1     9     9
*      16     1     1     1    12    12
*      17     1     1     1     3     3
*      18     1     1     1    19    19
*      19     1     1     1    14    14
*      20     1     1     1    21    21
*      21     1     1     1     4     4
*      22     1     1     1    18    18
*      23     1     1     1    13    13
*      24     1     1     1    10    10
*      25     1     1     1     5     5
*      26     1     1     1     6     6
*      27     1     1     1    22    22
*      28     1     1     1    15    15
*      29     1     1     1    20    20
*      30     1     1     1     7     7
*      31     1     8     8     2     2
*      32     1     8     8    17    17
*      33     1     8     8     9     9
*      34     1     8     8    12    12
*      35     1     8     8     3     3
*      36     1     8     8    19    19
*      37     1     8     8    14    14
*      38     1     8     8    21    21
*      39     1     8     8     4     4
*      40     1     8     8    18    18
*      41     1     8     8    13    13
*      42     1     8     8    10    10
*      43     1     8     8     5     5
*      44     1     8     8     6     6
*      45     1     8     8    22    22
*      46     1     8     8    15    15
*      47     1     8     8    20    20
*      48     1     8     8     7     7
*      49     1    11    11     2     2
*      50     1    11    11    17    17
*      51     1    11    11     9     9
*      52     1    11    11    12    12
*      53     1    11    11     3     3
*      54     1    11    11    19    19
*      55     1    11    11    14    14
*      56     1    11    11    21    21
*      57     1    11    11     4     4
*      58     1    11    11    18    18
*      59     1    11    11    13    13
*      60     1    11    11    10    10
*      61     1    11    11     5     5
*      62     1    11    11     6     6
*      63     1    11    11    22    22
*      64     1    11    11    15    15
*      65     1    11    11    20    20
*      66     1    11    11     7     7
*      67     1    16    16     2     2
*      68     1    16    16    17    17
*      69     1    16    16     9     9
*      70     1    16    16    12    12
*      71     1    16    16     3     3
*      72     1    16    16    19    19
*      73     1    16    16    14    14
*      74     1    16    16    21    21
*      75     1    16    16     4     4
*      76     1    16    16    18    18
*      77     1    16    16    13    13
*      78     1    16    16    10    10
*      79     1    16    16     5     5
*      80     1    16    16     6     6
*      81     1    16    16    22    22
*      82     1    16    16    15    15
*      83     1    16    16    20    20
*      84     1    16    16     7     7
*      85     1     1     1     2     3
*      86     1     8     8     2     3
*      87     1    11    11     2     3
*      88     1    16    16     2     3
*      89     1     1     1     2     4
*      90     1     8     8     2     4
*      91     1    11    11     2     4
*      92     1    16    16     2     4
*      93     1     1     1     2     5
*      94     1     8     8     2     5
*      95     1    11    11     2     5
*      96     1    16    16     2     5
*      97     1     1     1     2     6
*      98     1     8     8     2     6
*      99     1    11    11     2     6
*     100     1    16    16     2     6
*     101     1     1     1     2     7
*     102     1     8     8     2     7
*     103     1    11    11     2     7
*     104     1    16    16     2     7
*     105     1     1     1    17    18
*     106     1     8     8    17    18
*     107     1    11    11    17    18
*     108     1    16    16    17    18
*     109     1     1     1     9    10
*     110     1     8     8     9    10
*     111     1    11    11     9    10
*     112     1    16    16     9    10
*     113     1     1     1    12    13
*     114     1     8     8    12    13
*     115     1    11    11    12    13
*     116     1    16    16    12    13
*     117     1     1     1     3     4
*     118     1     8     8     3     4
*     119     1    11    11     3     4
*     120     1    16    16     3     4
*     121     1     1     1     3     5
*     122     1     8     8     3     5
*     123     1    11    11     3     5
*     124     1    16    16     3     5
*     125     1     1     1     3     6
*     126     1     8     8     3     6
*     127     1    11    11     3     6
*     128     1    16    16     3     6
*     129     1     1     1     3     7
*     130     1     8     8     3     7
*     131     1    11    11     3     7
*     132     1    16    16     3     7
*     133     1     1     1    19    20
*     134     1     8     8    19    20
*     135     1    11    11    19    20
*     136     1    16    16    19    20
*     137     1     1     1    14    15
*     138     1     8     8    14    15
*     139     1    11    11    14    15
*     140     1    16    16    14    15
*     141     1     1     1    21    22
*     142     1     8     8    21    22
*     143     1    11    11    21    22
*     144     1    16    16    21    22
*     145     1     1     1     4     5
*     146     1     8     8     4     5
*     147     1    11    11     4     5
*     148     1    16    16     4     5
*     149     1     1     1     4     6
*     150     1     8     8     4     6
*     151     1    11    11     4     6
*     152     1    16    16     4     6
*     153     1     1     1     4     7
*     154     1     8     8     4     7
*     155     1    11    11     4     7
*     156     1    16    16     4     7
*     157     1     1     1     5     6
*     158     1     8     8     5     6
*     159     1    11    11     5     6
*     160     1    16    16     5     6
*     161     1     1     1     5     7
*     162     1     8     8     5     7
*     163     1    11    11     5     7
*     164     1    16    16     5     7
*     165     1     1     1     6     7
*     166     1     8     8     6     7
*     167     1    11    11     6     7
*     168     1    16    16     6     7
*     169    11     1     8     2     9
*     170    11     1     8     2    10
*     171    11     1     8    17    19
*     172    11     1     8    17    20
*     173    11     1     8     9     3
*     174    11     1     8     9     4
*     175    11     1     8     9     5
*     176    11     1     8     9     6
*     177    11     1     8     9     7
*     178    11     1     8    12    14
*     179    11     1     8    12    15
*     180    11     1     8     3    10
*     181    11     1     8    19    18
*     182    11     1     8    14    13
*     183    11     1     8     4    10
*     184    11     1     8    18    20
*     185    11     1     8    13    15
*     186    11     1     8    10     5
*     187    11     1     8    10     6
*     188    11     1     8    10     7
*     189    11     1    11     2    12
*     190    11     1    11     2    13
*     191    11     1    11    17    21
*     192    11     1    11    17    22
*     193    11     1    11     9    14
*     194    11     1    11     9    15
*     195    11     1    11    12     3
*     196    11     1    11    12     4
*     197    11     1    11    12     5
*     198    11     1    11    12     6
*     199    11     1    11    12     7
*     200    11     1    11     3    13
*     201    11     1    11    14    10
*     202    11     1    11    21    18
*     203    11     1    11     4    13
*     204    11     1    11    18    22
*     205    11     1    11    13     5
*     206    11     1    11    13     6
*     207    11     1    11    13     7
*     208    11     1    11    10    15
*     209    11     1    16     2    17
*     210    11     1    16     2    18
*     211    11     1    16    17     3
*     212    11     1    16    17     4
*     213    11     1    16    17     5
*     214    11     1    16    17     6
*     215    11     1    16    17     7
*     216    11     1    16     9    19
*     217    11     1    16     9    20
*     218    11     1    16    12    21
*     219    11     1    16    12    22
*     220    11     1    16     3    18
*     221    11     1    16    19    10
*     222    11     1    16    21    13
*     223    11     1    16     4    18
*     224    11     1    16    18     5
*     225    11     1    16    18     6
*     226    11     1    16    18     7
*     227    11     1    16    13    22
*     228    11     1    16    10    20
*     229    11     8    11     2    14
*     230    11     8    11     2    15
*     231    11     8    11     9    12
*     232    11     8    11     9    13
*     233    11     8    11    12    10
*     234    11     8    11     3    14
*     235    11     8    11     3    15
*     236    11     8    11    19    21
*     237    11     8    11    19    22
*     238    11     8    11    14     4
*     239    11     8    11    14     5
*     240    11     8    11    14     6
*     241    11     8    11    14     7
*     242    11     8    11    21    20
*     243    11     8    11     4    15
*     244    11     8    11    13    10
*     245    11     8    11     5    15
*     246    11     8    11     6    15
*     247    11     8    11    22    20
*     248    11     8    11    15     7
*     249    11     8    16     2    19
*     250    11     8    16     2    20
*     251    11     8    16    17     9
*     252    11     8    16    17    10
*     253    11     8    16     9    18
*     254    11     8    16     3    19
*     255    11     8    16     3    20
*     256    11     8    16    19     4
*     257    11     8    16    19     5
*     258    11     8    16    19     6
*     259    11     8    16    19     7
*     260    11     8    16    14    21
*     261    11     8    16    14    22
*     262    11     8    16    21    15
*     263    11     8    16     4    20
*     264    11     8    16    18    10
*     265    11     8    16     5    20
*     266    11     8    16     6    20
*     267    11     8    16    22    15
*     268    11     8    16    20     7
*     269    11    11    16     2    21
*     270    11    11    16     2    22
*     271    11    11    16    17    12
*     272    11    11    16    17    13
*     273    11    11    16    12    18
*     274    11    11    16     3    21
*     275    11    11    16     3    22
*     276    11    11    16    19    14
*     277    11    11    16    19    15
*     278    11    11    16    14    20
*     279    11    11    16    21     4
*     280    11    11    16    21     5
*     281    11    11    16    21     6
*     282    11    11    16    21     7
*     283    11    11    16     4    22
*     284    11    11    16    18    13
*     285    11    11    16     5    22
*     286    11    11    16     6    22
*     287    11    11    16    22     7
*     288    11    11    16    15    20
*     289    12     1     8     2     9
*     290    12     1     8     2    10
*     291    12     1     8    17    19
*     292    12     1     8    17    20
*     293    12     1     8     9     3
*     294    12     1     8     9     4
*     295    12     1     8     9     5
*     296    12     1     8     9     6
*     297    12     1     8     9     7
*     298    12     1     8    12    14
*     299    12     1     8    12    15
*     300    12     1     8     3    10
*     301    12     1     8    19    18
*     302    12     1     8    14    13
*     303    12     1     8     4    10
*     304    12     1     8    18    20
*     305    12     1     8    13    15
*     306    12     1     8    10     5
*     307    12     1     8    10     6
*     308    12     1     8    10     7
*     309    12     1    11     2    12
*     310    12     1    11     2    13
*     311    12     1    11    17    21
*     312    12     1    11    17    22
*     313    12     1    11     9    14
*     314    12     1    11     9    15
*     315    12     1    11    12     3
*     316    12     1    11    12     4
*     317    12     1    11    12     5
*     318    12     1    11    12     6
*     319    12     1    11    12     7
*     320    12     1    11     3    13
*     321    12     1    11    14    10
*     322    12     1    11    21    18
*     323    12     1    11     4    13
*     324    12     1    11    18    22
*     325    12     1    11    13     5
*     326    12     1    11    13     6
*     327    12     1    11    13     7
*     328    12     1    11    10    15
*     329    12     1    16     2    17
*     330    12     1    16     2    18
*     331    12     1    16    17     3
*     332    12     1    16    17     4
*     333    12     1    16    17     5
*     334    12     1    16    17     6
*     335    12     1    16    17     7
*     336    12     1    16     9    19
*     337    12     1    16     9    20
*     338    12     1    16    12    21
*     339    12     1    16    12    22
*     340    12     1    16     3    18
*     341    12     1    16    19    10
*     342    12     1    16    21    13
*     343    12     1    16     4    18
*     344    12     1    16    18     5
*     345    12     1    16    18     6
*     346    12     1    16    18     7
*     347    12     1    16    13    22
*     348    12     1    16    10    20
*     349    12     8    11     2    14
*     350    12     8    11     2    15
*     351    12     8    11     9    12
*     352    12     8    11     9    13
*     353    12     8    11    12    10
*     354    12     8    11     3    14
*     355    12     8    11     3    15
*     356    12     8    11    19    21
*     357    12     8    11    19    22
*     358    12     8    11    14     4
*     359    12     8    11    14     5
*     360    12     8    11    14     6
*     361    12     8    11    14     7
*     362    12     8    11    21    20
*     363    12     8    11     4    15
*     364    12     8    11    13    10
*     365    12     8    11     5    15
*     366    12     8    11     6    15
*     367    12     8    11    22    20
*     368    12     8    11    15     7
*     369    12     8    16     2    19
*     370    12     8    16     2    20
*     371    12     8    16    17     9
*     372    12     8    16    17    10
*     373    12     8    16     9    18
*     374    12     8    16     3    19
*     375    12     8    16     3    20
*     376    12     8    16    19     4
*     377    12     8    16    19     5
*     378    12     8    16    19     6
*     379    12     8    16    19     7
*     380    12     8    16    14    21
*     381    12     8    16    14    22
*     382    12     8    16    21    15
*     383    12     8    16     4    20
*     384    12     8    16    18    10
*     385    12     8    16     5    20
*     386    12     8    16     6    20
*     387    12     8    16    22    15
*     388    12     8    16    20     7
*     389    12    11    16     2    21
*     390    12    11    16     2    22
*     391    12    11    16    17    12
*     392    12    11    16    17    13
*     393    12    11    16    12    18
*     394    12    11    16     3    21
*     395    12    11    16     3    22
*     396    12    11    16    19    14
*     397    12    11    16    19    15
*     398    12    11    16    14    20
*     399    12    11    16    21     4
*     400    12    11    16    21     5
*     401    12    11    16    21     6
*     402    12    11    16    21     7
*     403    12    11    16     4    22
*     404    12    11    16    18    13
*     405    12    11    16     5    22
*     406    12    11    16     6    22
*     407    12    11    16    22     7
*     408    12    11    16    15    20
 Initial space dim         408
 Writing the off-diagonal part of ADC matrix in file hmlt.offi 
           5           1           6           3
           1           1           5           5
  0.287355187702468       -1.94042088329974       0.293011368618270     
 -0.853040141999283     
  2.416612174452224E-002  3.937780486168955E-002
           5           1           7           2
           1           1           2           2
  0.287355187702468       -1.94042088329974       0.293011368618272     
 -0.853040141999288     
  2.416612174452227E-002  3.937780486168996E-002
           5           1           8           4
           1           1           3           3
  0.287355187702468       -1.94042088329974       0.293011368618272     
 -0.853040141999280     
  2.416612174452226E-002  3.937780486168996E-002
           5           1           9           1
           1           1           1           1
  0.287355187702468       -1.94042088329974        1.75769192955742     
  -1.94042088329974     
  2.761746461520309E-015  7.517620419588492E-015
           5           1          13           1
           1           1           1           1
  0.287355187702468       -1.94042088329974        1.75769192955743     
  -1.94042088329974     
  4.149641439642833E-017  1.207425883826841E-016
           5           1          14           3
           1           1           5           5
  0.287355187702468       -1.94042088329974        1.96135062286447     
 -0.853040141999283     
 -5.566404510040106E-002 -4.657929622493019E-002
           5           1          15           4
           1           1           3           3
  0.287355187702468       -1.94042088329974        1.96135062286447     
 -0.853040141999280     
 -5.566404510040125E-002 -4.657929622493142E-002
           5           1          16           2
           1           1           2           2
  0.287355187702468       -1.94042088329974        1.96135062286448     
 -0.853040141999288     
 -5.566404510040121E-002 -4.657929622493139E-002
           5           1          17           1
           1           1           1           1
  0.287355187702468       -1.94042088329974        2.74196569313405     
  -1.94042088329974     
 -4.815696390513351E-002 -0.143163020881331     
           5           1          18           1
           1           1           1           1
  0.287355187702468       -1.94042088329974        6.37247301394803     
  -1.94042088329974     
 -7.777530883473687E-017  1.341290104242646E-016
           5           1          22           1
           1           1           1           1
  0.287355187702468       -1.94042088329974        6.37247301394809     
  -1.94042088329974     
  2.784677978461599E-018  1.144183560434911E-017
           6           3           7           2
           5           5           2           2
  0.293011368618270      -0.853040141999283       0.293011368618272     
 -0.853040141999288     
  2.398637400766104E-002  6.754232544017941E-003
           6           3           8           4
           5           5           3           3
  0.293011368618270      -0.853040141999283       0.293011368618272     
 -0.853040141999280     
  2.398637400766103E-002  6.754232544017941E-003
           6           3           9           1
           5           5           1           1
  0.293011368618270      -0.853040141999283        1.75769192955742     
  -1.94042088329974     
 -4.106737633173607E-003  9.087096268595302E-004
           6           3          13           1
           5           5           1           1
  0.293011368618270      -0.853040141999283        1.75769192955743     
  -1.94042088329974     
 -3.888639613593393E-005  8.604504518932600E-006
           6           3          14           3
           5           5           5           5
  0.293011368618270      -0.853040141999283        1.96135062286447     
 -0.853040141999283     
 -6.350600968859942E-002 -0.136784243612998     
           6           3          15           4
           5           5           3           3
  0.293011368618270      -0.853040141999283        1.96135062286447     
 -0.853040141999280     
 -5.199923865322385E-002 -7.381302294189847E-003
           6           3          16           2
           5           5           2           2
  0.293011368618270      -0.853040141999283        1.96135062286448     
 -0.853040141999288     
 -5.199923865322383E-002 -7.381302294189838E-003
           6           3          17           1
           5           5           1           1
  0.293011368618270      -0.853040141999283        2.74196569313405     
  -1.94042088329974     
 -4.654380966137080E-002 -1.495188399694033E-002
           6           3          18           1
           5           5           1           1
  0.293011368618270      -0.853040141999283        6.37247301394803     
  -1.94042088329974     
 -1.541506016591074E-002 -4.479854852787021E-002
           6           3          22           1
           5           5           1           1
  0.293011368618270      -0.853040141999283        6.37247301394809     
  -1.94042088329974     
  1.586226466378905E-006  4.609819395146927E-006
           7           2           8           4
           2           2           3           3
  0.293011368618272      -0.853040141999288       0.293011368618272     
 -0.853040141999280     
  2.398637400766104E-002  6.754232544017941E-003
           7           2           9           1
           2           2           1           1
  0.293011368618272      -0.853040141999288        1.75769192955742     
  -1.94042088329974     
  2.019692209735973E-003 -4.469030939263340E-004
           7           2          13           1
           2           2           1           1
  0.293011368618272      -0.853040141999288        1.75769192955743     
  -1.94042088329974     
  3.575982315076754E-003 -7.912678737804074E-004
           7           2          14           3
           2           2           5           5
  0.293011368618272      -0.853040141999288        1.96135062286447     
 -0.853040141999283     
 -5.199923865322399E-002 -7.381302294189844E-003
           7           2          15           4
           2           2           3           3
  0.293011368618272      -0.853040141999288        1.96135062286447     
 -0.853040141999280     
 -5.199923865322399E-002 -7.381302294189844E-003
           7           2          16           2
           2           2           2           2
  0.293011368618272      -0.853040141999288        1.96135062286448     
 -0.853040141999288     
 -6.350600968859949E-002 -0.136784243612998     
           7           2          17           1
           2           2           1           1
  0.293011368618272      -0.853040141999288        2.74196569313405     
  -1.94042088329974     
 -4.654380966137046E-002 -1.495188399694062E-002
           7           2          18           1
           2           2           1           1
  0.293011368618272      -0.853040141999288        6.37247301394803     
  -1.94042088329974     
  7.706156370513116E-003  2.239528204323109E-002
           7           2          22           1
           2           2           1           1
  0.293011368618272      -0.853040141999288        6.37247301394809     
  -1.94042088329974     
 -1.335062681777846E-002 -3.879898598750222E-002
           8           4           9           1
           3           3           1           1
  0.293011368618272      -0.853040141999280        1.75769192955742     
  -1.94042088329974     
  2.087045423566720E-003 -4.618065329270345E-004
           8           4          13           1
           3           3           1           1
  0.293011368618272      -0.853040141999280        1.75769192955743     
  -1.94042088329974     
 -3.537095918939557E-003  7.826633692615478E-004
           8           4          14           3
           3           3           5           5
  0.293011368618272      -0.853040141999280        1.96135062286447     
 -0.853040141999283     
 -5.199923865322394E-002 -7.381302294189845E-003
           8           4          15           4
           3           3           3           3
  0.293011368618272      -0.853040141999280        1.96135062286447     
 -0.853040141999280     
 -6.350600968859942E-002 -0.136784243612998     
           8           4          16           2
           3           3           2           2
  0.293011368618272      -0.853040141999280        1.96135062286448     
 -0.853040141999288     
 -5.199923865322383E-002 -7.381302294189838E-003
           8           4          17           1
           3           3           1           1
  0.293011368618272      -0.853040141999280        2.74196569313405     
  -1.94042088329974     
 -4.654380966137044E-002 -1.495188399694061E-002
           8           4          18           1
           3           3           1           1
  0.293011368618272      -0.853040141999280        6.37247301394803     
  -1.94042088329974     
  7.708903795345184E-003  2.240326648463719E-002
           8           4          22           1
           3           3           1           1
  0.293011368618272      -0.853040141999280        6.37247301394809     
  -1.94042088329974     
  1.334904059131209E-002  3.879437616810706E-002
           9           1          13           1
           1           1           1           1
   1.75769192955742       -1.94042088329974        1.75769192955743     
  -1.94042088329974     
 -5.421010862427522E-018 -1.040834085586084E-017
           9           1          14           3
           1           1           5           5
   1.75769192955742       -1.94042088329974        1.96135062286447     
 -0.853040141999283     
 -4.280147770234365E-003 -5.174968269160326E-002
           9           1          15           4
           1           1           3           3
   1.75769192955742       -1.94042088329974        1.96135062286447     
 -0.853040141999280     
  2.175172512530288E-003  2.629920586031785E-002
           9           1          16           2
           1           1           2           2
   1.75769192955742       -1.94042088329974        1.96135062286448     
 -0.853040141999288     
  2.104975257739383E-003  2.545047683125985E-002
           9           1          17           1
           1           1           1           1
   1.75769192955742       -1.94042088329974        2.74196569313405     
  -1.94042088329974     
 -5.352399119083102E-015 -1.074984746346693E-014
           9           1          18           1
           1           1           1           1
   1.75769192955742       -1.94042088329974        6.37247301394803     
  -1.94042088329974     
  3.651560114019015E-002  0.145295141735842     
           9           1          22           1
           1           1           1           1
   1.75769192955742       -1.94042088329974        6.37247301394809     
  -1.94042088329974     
  3.420057090331591E-004  1.360836640143533E-003
          13           1          14           3
           1           1           5           5
   1.75769192955743       -1.94042088329974        1.96135062286447     
 -0.853040141999283     
 -4.052840395000772E-005 -4.900139333957930E-004
          13           1          15           4
           1           1           3           3
   1.75769192955743       -1.94042088329974        1.96135062286447     
 -0.853040141999280     
 -3.686452498993515E-003 -4.457153288200794E-002
          13           1          16           2
           1           1           2           2
   1.75769192955743       -1.94042088329974        1.96135062286448     
 -0.853040141999288     
  3.726980902943751E-003  4.506154681540335E-002
          13           1          17           1
           1           1           1           1
   1.75769192955743       -1.94042088329974        2.74196569313405     
  -1.94042088329974     
 -7.911463995175652E-017 -1.511945684458908E-016
          13           1          18           1
           1           1           1           1
   1.75769192955743       -1.94042088329974        6.37247301394803     
  -1.94042088329974     
  3.420057090331610E-004  1.360836640143538E-003
          13           1          22           1
           1           1           1           1
   1.75769192955743       -1.94042088329974        6.37247301394809     
  -1.94042088329974     
 -3.651560114019034E-002 -0.145295141735842     
          14           3          15           4
           5           5           3           3
   1.96135062286447      -0.853040141999283        1.96135062286447     
 -0.853040141999280     
  0.140831725406696       3.300299946677400E-002
          14           3          16           2
           5           5           2           2
   1.96135062286447      -0.853040141999283        1.96135062286448     
 -0.853040141999288     
  0.140831725406695       3.300299946677396E-002
          14           3          17           1
           5           5           1           1
   1.96135062286447      -0.853040141999283        2.74196569313405     
  -1.94042088329974     
  0.134198715579862       0.128532671623293     
          14           3          18           1
           5           5           1           1
   1.96135062286447      -0.853040141999283        6.37247301394803     
  -1.94042088329974     
  2.667982305003840E-002  8.890138715645139E-002
          14           3          22           1
           5           5           1           1
   1.96135062286447      -0.853040141999283        6.37247301394809     
  -1.94042088329974     
 -2.745382825947861E-006 -9.148049484588610E-006
          15           4          16           2
           3           3           2           2
   1.96135062286447      -0.853040141999280        1.96135062286448     
 -0.853040141999288     
  0.140831725406695       3.300299946677396E-002
          15           4          17           1
           3           3           1           1
   1.96135062286447      -0.853040141999280        2.74196569313405     
  -1.94042088329974     
  0.134198715579862       0.128532671623300     
          15           4          18           1
           3           3           1           1
   1.96135062286447      -0.853040141999280        6.37247301394803     
  -1.94042088329974     
 -1.334228909630254E-002 -4.445861602147382E-002
          15           4          22           1
           3           3           1           1
   1.96135062286447      -0.853040141999280        6.37247301394809     
  -1.94042088329974     
 -2.310403183839940E-002 -7.698628568442631E-002
          16           2          17           1
           2           2           1           1
   1.96135062286448      -0.853040141999288        2.74196569313405     
  -1.94042088329974     
  0.134198715579862       0.128532671623300     
          16           2          18           1
           2           2           1           1
   1.96135062286448      -0.853040141999288        6.37247301394803     
  -1.94042088329974     
 -1.333753395376180E-002 -4.444277113497635E-002
          16           2          22           1
           2           2           1           1
   1.96135062286448      -0.853040141999288        6.37247301394809     
  -1.94042088329974     
  2.310677722122526E-002  7.699543373391082E-002
          17           1          18           1
           1           1           1           1
   2.74196569313405       -1.94042088329974        6.37247301394803     
  -1.94042088329974     
  2.433569326674088E-015  9.427026761157449E-015
          17           1          22           1
           1           1           1           1
   2.74196569313405       -1.94042088329974        6.37247301394809     
  -1.94042088329974     
 -1.346232709130118E-017 -2.762122842875624E-017
          18           1          22           1
           1           1           1           1
   6.37247301394803       -1.94042088329974        6.37247301394809     
  -1.94042088329974     
 -4.503250664077488E-018 -4.414735721089413E-018
        2152  off-diagonal elements saved
           5           1           5           1
           1           1           1           1
  0.287355187702468       -1.94042088329974       0.287355187702468     
  -1.94042088329974     
  2.365077974407691E-002  0.397448136402649     
           6           3           6           3
           5           5           5           5
  0.293011368618270      -0.853040141999283       0.293011368618270     
 -0.853040141999283     
  2.971622505380273E-002  0.337641468725772     
           7           2           7           2
           2           2           2           2
  0.293011368618272      -0.853040141999288       0.293011368618272     
 -0.853040141999288     
  2.971622505380277E-002  0.337641468725772     
           8           4           8           4
           3           3           3           3
  0.293011368618272      -0.853040141999280       0.293011368618272     
 -0.853040141999280     
  2.971622505380273E-002  0.337641468725772     
           9           1           9           1
           1           1           1           1
   1.75769192955742       -1.94042088329974        1.75769192955742     
  -1.94042088329974     
  3.361677556904966E-002  0.646157590345478     
          13           1          13           1
           1           1           1           1
   1.75769192955743       -1.94042088329974        1.75769192955743     
  -1.94042088329974     
  3.361677556905029E-002  0.646157590345479     
          14           3          14           3
           5           5           5           5
   1.96135062286447      -0.853040141999283        1.96135062286447     
 -0.853040141999283     
  0.181105617628431       0.805363793398452     
          15           4          15           4
           3           3           3           3
   1.96135062286447      -0.853040141999280        1.96135062286447     
 -0.853040141999280     
  0.181105617628431       0.805363793398452     
          16           2          16           2
           2           2           2           2
   1.96135062286448      -0.853040141999288        1.96135062286448     
 -0.853040141999288     
  0.181105617628431       0.805363793398452     
          17           1          17           1
           1           1           1           1
   2.74196569313405       -1.94042088329974        2.74196569313405     
  -1.94042088329974     
  0.121966807346664       0.801055521047462     
          18           1          18           1
           1           1           1           1
   6.37247301394803       -1.94042088329974        6.37247301394803     
  -1.94042088329974     
  8.666446090478687E-002  0.990011273706298     
          22           1          22           1
           1           1           1           1
   6.37247301394809       -1.94042088329974        6.37247301394809     
  -1.94042088329974     
  8.666446090478712E-002  0.990011273706300     
 Writing the diagonal part of ADC matrix in file hmlt.diai 
 davstates          10
 Alloc in Master Dav Successful
 Matrix read successfully
 This is the Davidson startup run

********************************************************
INVERSE OPERATOR DIAGONALIZER -- F.Tarantelli, 1996,1997
********************************************************

matrix dimension:      408
main subspace size:     12
memory request:   33554432 8-byte words

root search criteria:
---------------------
eigenvalue range:      0.00 upward
max number of roots:     10

iteration/convergence criteria:
-------------------------------
correction vector method: normal                   
residual norm:       1.00D-07
energy fluctuation:  2.00D-06
restart basis orthogonality check: 0.000010
level shifter:  0.000
use sloppy criteria for   5 cycles
skip corrections smaller than   1.00D-08
no. of macro iterations:    20

internal/external unit scale factor:       1.000000

*********************
this is a startup run
*********************



initial subspace size:      12
maximum subspace size:      50

processing    12 input starting vectors


----------------------------- macro iteration    1 ----------------------------
  it size   converged     left      min_res    emin       emax    shift   main
-------------------------------------------------------------------------------
   1   12    0(  0.0)   10( 10.0)  0.571181    0.8851     4.1777    0.00  10.0
   2   22    0(  0.0)   10(  7.7)  0.017493    0.7375     3.0032    0.00   7.7
   3   32    0(  0.0)   10(  5.8)  0.000042    0.7375     2.4129    0.00   5.8
           2  vector(s) skipped
   0.7914
   4   42    1(  0.9)    7(  4.8)  0.000000    0.7375     2.3380    0.00   5.7
   5   49    1(  0.9)    1(  0.9)  0.030534    0.7375     0.7375    0.00   5.6
   6   50    1(  0.9)    9(  4.7)  0.113192    0.7375     2.2922    0.00   5.7

----------------------------- macro iteration    2 ----------------------------
  it size   converged     left      min_res    emin       emax    shift   main
-------------------------------------------------------------------------------
   1   22    1(  0.9)    9(  5.9)  0.000000    0.7376     3.0030    0.00   6.8
   2   31    1(  0.9)    9(  4.9)  0.000197    0.7375     2.4351    0.00   5.8
   3   40    1(  0.9)    9(  4.7)  0.035656    0.7375     2.3380    0.00   5.6
   4   49    1(  0.9)    1(  0.9)  0.016342    0.7375     0.7375    0.00   5.6
   5   50    1(  0.9)    9(  5.0)  0.119618    0.7375     2.2922    0.00   5.9

----------------------------- macro iteration    3 ----------------------------
  it size   converged     left      min_res    emin       emax    shift   main
-------------------------------------------------------------------------------
   1   22    1(  0.9)    9(  6.9)  0.000000    0.7914     3.1194    0.00   7.8
   2   31    1(  0.9)    9(  4.9)  0.000796    0.7375     2.5612    0.00   5.8
   3   40    1(  0.9)    9(  4.8)  0.039093    0.7375     2.3380    0.00   5.7
   4   49    1(  0.9)    1(  0.9)  0.014495    0.7375     0.7375    0.00   5.6
   5   50    1(  0.9)    9(  5.0)  0.201001    0.7375     2.2922    0.00   5.9

----------------------------- macro iteration    4 ----------------------------
  it size   converged     left      min_res    emin       emax    shift   main
-------------------------------------------------------------------------------
   1   22    1(  0.9)    9(  6.3)  0.000000    0.7914     3.0605    0.00   7.3
   2   31    1(  0.9)    9(  4.9)  0.000726    0.7375     2.5320    0.00   5.8
   3   40    1(  0.9)    9(  4.8)  0.109363    0.7375     2.3381    0.00   5.7
   4   49    1(  0.9)    1(  0.9)  0.020140    0.7375     0.7375    0.00   5.9
   5   50    1(  0.9)    9(  4.9)  0.649877    0.7375     2.2925    0.00   5.9

----------------------------- macro iteration    5 ----------------------------
  it size   converged     left      min_res    emin       emax    shift   main
-------------------------------------------------------------------------------
   1   22    1(  0.9)    9(  7.6)  0.000000    0.7914     3.1330    0.00   8.5
   2   31    1(  0.9)    9(  4.9)  0.003569    0.7375     2.4884    0.00   5.8
   3   40    1(  0.9)    9(  4.9)  0.470130    0.7375     2.3380    0.00   5.8
   4   49    1(  0.9)    1(  0.9)  0.035897    0.7375     0.7375    0.00   5.6
   5   50    1(  0.9)    9(  4.7)  0.100530    0.7375     2.2959    0.00   5.7

----------------------------- macro iteration    6 ----------------------------
  it size   converged     left      min_res    emin       emax    shift   main
-------------------------------------------------------------------------------
   1   22    1(  0.9)    9(  6.5)  0.000000    0.7862     3.0553    0.00   7.5
   2   31    1(  0.9)    9(  4.9)  0.000732    0.7375     2.5394    0.00   5.8
   3   40    1(  0.9)    9(  4.7)  0.089029    0.7375     2.3380    0.00   5.6
   4   49    1(  0.9)    1(  0.9)  0.006705    0.7375     0.7375    0.00   5.8
   5   50    1(  0.9)    9(  4.9)  0.101451    0.7375     2.2922    0.00   5.8

----------------------------- macro iteration    7 ----------------------------
  it size   converged     left      min_res    emin       emax    shift   main
-------------------------------------------------------------------------------
   1   22    1(  0.9)    9(  6.1)  0.000000    0.7914     2.8957    0.00   7.0
   2   31    1(  0.9)    9(  4.8)  0.000270    0.7375     2.4152    0.00   5.7
   3   40    1(  0.9)    9(  4.7)  0.067751    0.7375     2.3361    0.00   5.6
   4   49    1(  0.9)    1(  0.9)  0.009165    0.7375     0.7375    0.00   5.7
   5   50    1(  0.9)    9(  5.0)  0.567742    0.7375     2.2922    0.00   5.9

----------------------------- macro iteration    8 ----------------------------
  it size   converged     left      min_res    emin       emax    shift   main
-------------------------------------------------------------------------------

   1   22    0(  0.0)   10(  7.0)  0.000000    0.7914     3.0885    0.00   7.0
   0.7914
   2   32    1(  0.9)    9(  4.8)  0.000000    0.7375     2.4722    0.00   5.7
   3   41    1(  0.9)    9(  4.8)  0.401081    0.7375     2.3380    0.00   5.7
   4   50    1(  0.9)    9(  4.9)  0.134970    0.7375     2.2922    0.00   5.9

----------------------------- macro iteration    9 ----------------------------
  it size   converged     left      min_res    emin       emax    shift   main
-------------------------------------------------------------------------------
   1   22    1(  0.9)    9(  6.8)  0.000000    0.7914     3.0917    0.00   7.8
   2   31    1(  0.9)    9(  4.9)  0.002299    0.7375     2.5532    0.00   5.9
   3   40    1(  0.9)    9(  5.0)  0.136126    0.7375     2.3380    0.00   5.9
   4   49    1(  0.9)    1(  0.9)  0.024496    0.7375     0.7375    0.00   5.6
   5   50    1(  0.9)    9(  4.9)  0.162981    0.7375     2.2922    0.00   5.9

----------------------------- macro iteration   10 ----------------------------
  it size   converged     left      min_res    emin       emax    shift   main
-------------------------------------------------------------------------------
   1   22    1(  0.9)    9(  6.4)  0.000000    0.7914     3.0706    0.00   7.3
   2   31    1(  0.9)    9(  4.8)  0.001028    0.7375     2.4081    0.00   5.7
   3   40    1(  0.9)    9(  4.8)  0.092887    0.7375     2.3380    0.00   5.7
   4   49    1(  0.9)    1(  0.9)  0.017549    0.7375     0.7375    0.00   5.7
   5   50    1(  0.9)    9(  4.7)  0.085191    0.7375     2.2924    0.00   5.4

----------------------------- macro iteration   11 ----------------------------
  it size   converged     left      min_res    emin       emax    shift   main
-------------------------------------------------------------------------------
   1   22    1(  0.9)    9(  6.4)  0.000000    0.7914     3.1010    0.00   7.3
   2   31    1(  0.9)    9(  4.9)  0.000931    0.7375     2.4695    0.00   5.8
   3   40    1(  0.9)    9(  4.8)  0.252973    0.7375     2.3380    0.00   5.7
   4   49    1(  0.9)    1(  0.9)  0.011862    0.7375     0.7375    0.00   5.6
   5   50    1(  0.9)    9(  4.9)  0.944490    0.7375     2.2932    0.00   5.9

----------------------------- macro iteration   12 ----------------------------
  it size   converged     left      min_res    emin       emax    shift   main
-------------------------------------------------------------------------------
   1   22    1(  0.9)    9(  6.4)  0.000000    0.7672     3.0352    0.00   7.4
   2   31    1(  0.9)    9(  4.9)  0.002758    0.7375     2.5072    0.00   5.8
   3   40    1(  0.9)    9(  4.8)  0.294379    0.7375     2.3380    0.00   5.7
   4   49    1(  0.9)    1(  0.9)  0.013826    0.7375     0.7375    0.00   5.7
   5   50    1(  0.9)    9(  4.4)  0.089783    0.7375     2.2923    0.00   5.3

----------------------------- macro iteration   13 ----------------------------
  it size   converged     left      min_res    emin       emax    shift   main
-------------------------------------------------------------------------------
   1   22    1(  0.9)    9(  6.9)  0.000000    0.7914     3.0736    0.00   7.8
   2   31    1(  0.9)    9(  5.0)  0.000686    0.7375     2.7206    0.00   5.9
   3   40    1(  0.9)    9(  5.1)  0.040693    0.7375     2.3657    0.00   6.0
   4   49    1(  0.9)    1(  0.9)  0.007976    0.7375     0.7375    0.00   5.6
   5   50    1(  0.9)    9(  5.0)  0.919487    0.7375     2.2994    0.00   6.0

----------------------------- macro iteration   14 ----------------------------
  it size   converged     left      min_res    emin       emax    shift   main
-------------------------------------------------------------------------------
   1   22    1(  0.9)    9(  6.4)  0.000000    0.7707     3.0277    0.00   7.3
   2   31    1(  0.9)    9(  4.9)  0.002303    0.7375     2.6530    0.00   5.9
   3   40    1(  0.9)    9(  4.8)  0.226312    0.7375     2.3380    0.00   5.8
   4   49    1(  0.9)    1(  0.9)  0.057799    0.7375     0.7375    0.00   5.6
   5   50    1(  0.9)    9(  4.8)  0.186520    0.7375     2.2922    0.00   5.7

----------------------------- macro iteration   15 ----------------------------
  it size   converged     left      min_res    emin       emax    shift   main
-------------------------------------------------------------------------------
   1   22    1(  0.9)    9(  7.7)  0.000000    0.7411     3.1188    0.00   8.6
   2   31    1(  0.9)    9(  5.8)  0.000693    0.7375     2.7302    0.00   6.8
   3   40    1(  0.9)    9(  5.6)  0.283938    0.7375     2.3655    0.00   6.5
   4   49    1(  0.9)    1(  0.9)  0.004774    0.7375     0.7375    0.00   5.6
   5   50    1(  0.9)    9(  4.7)  0.307500    0.7375     2.3087    0.00   5.6

----------------------------- macro iteration   16 ----------------------------
  it size   converged     left      min_res    emin       emax    shift   main
-------------------------------------------------------------------------------
   1   22    1(  0.9)    9(  6.9)  0.000000    0.7914     3.0695    0.00   7.8
   2   31    1(  0.9)    9(  4.9)  0.002002    0.7375     2.4658    0.00   5.8
   3   40    1(  0.9)    9(  4.9)  0.212683    0.7375     2.3380    0.00   5.8
   4   49    1(  0.9)    1(  0.9)  0.026612    0.7375     0.7375    0.00   5.7
   5   50    1(  0.9)    9(  5.0)  0.873664    0.7375     2.2923    0.00   5.9

----------------------------- macro iteration   17 ----------------------------
  it size   converged     left      min_res    emin       emax    shift   main
-------------------------------------------------------------------------------
   1   22    1(  0.9)    9(  7.0)  0.000000    0.7914     3.0567    0.00   7.9
   2   31    1(  0.9)    9(  5.8)  0.007271    0.7375     2.7301    0.00   6.7
   3   40    1(  0.9)    9(  5.0)  0.777743    0.7375     2.3655    0.00   5.9
   4   49    1(  0.9)    1(  0.9)  0.015371    0.7375     0.7375    0.00   5.6
   5   50    1(  0.9)    9(  4.8)  0.070431    0.7375     2.3155    0.00   5.8

----------------------------- macro iteration   18 ----------------------------
  it size   converged     left      min_res    emin       emax    shift   main
-------------------------------------------------------------------------------
   1   22    1(  0.9)    9(  7.0)  0.000000    0.7914     3.0655    0.00   7.9
   2   31    1(  0.9)    9(  5.0)  0.001412    0.7375     2.6144    0.00   5.9
   3   40    1(  0.9)    9(  4.8)  0.069272    0.7375     2.3379    0.00   5.7
   4   49    1(  0.9)    1(  0.9)  0.016241    0.7375     0.7375    0.00   5.7
   5   50    1(  0.9)    9(  4.8)  1.674852    0.7375     2.3007    0.00   5.7

----------------------------- macro iteration   19 ----------------------------
  it size   converged     left      min_res    emin       emax    shift   main
-------------------------------------------------------------------------------
   1   22    1(  0.9)    9(  6.9)  0.000000    0.7914     3.0754    0.00   7.8
   2   31    1(  0.9)    9(  4.9)  0.007488    0.7375     2.4748    0.00   5.8
   3   40    1(  0.9)    9(  4.8)  0.839518    0.7375     2.3380    0.00   5.7
   4   49    1(  0.9)    1(  0.9)  0.014595    0.7375     0.7375    0.00   5.6
   5   50    1(  0.9)    9(  4.7)  0.146401    0.7375     2.2927    0.00   5.6

----------------------------- macro iteration   20 ----------------------------
  it size   converged     left      min_res    emin       emax    shift   main
-------------------------------------------------------------------------------
   1   22    1(  0.9)    9(  6.9)  0.000000    0.7914     3.1172    0.00   7.9
   2   31    1(  0.9)    9(  5.8)  0.000740    0.7375     2.7324    0.00   6.7
   3   40    1(  0.9)    9(  5.0)  0.194679    0.7375     2.3652    0.00   6.0
   4   49    1(  0.9)    1(  0.9)  0.014641    0.7375     0.7375    0.00   5.7
   5   50    1(  0.9)    9(  4.9)  0.344335    0.7375     2.3037    0.00   5.7

**********************
list of computed roots
**********************

print at most     50 components larger than 0.0100

   1)    0.7914  92.4   -0.55321(    4) -0.55321(    2) -0.55321(    3) -0.08872(  351)  0.08872(  391)  0.08872(  371) 
                         0.06888(   52)  0.06888(   68)  0.06888(   33) -0.06299(  271) -0.06299(  231) -0.06299(  251) 
                        -0.04078(    9) -0.04078(    7) -0.04078(    8) -0.03851(  115) -0.03851(  108) -0.03851(  110) 
                        -0.03770(  353)  0.03770(  393) -0.03770(  372) -0.03770(  392)  0.03770(  373)  0.03770(  352) 
                        -0.02774(   10)  0.02541(  233)  0.02541(  273)  0.02541(  252)  0.02541(  272)  0.02541(  253) 
                         0.02541(  232) -0.02203(  309) -0.02203(  289) -0.02203(  329) -0.02041(  317) -0.02041(  333) 
                        -0.02041(  295) -0.01890(  189) -0.01890(  209) -0.01890(  169)  0.01635(  197)  0.01635(  213) 
                         0.01635(  175)  0.01208(  211) -0.01157(  404) -0.01157(  364) -0.01157(  384) -0.01052(  174) 
                        -0.01046(  178) -0.01046(  218) 

   0)    0.7375  95.2    0.82281(    2) -0.45792(    4) -0.24545(    3) -0.07464(   52) -0.05171(  329) -0.05091(    7) 
                         0.05068(  309)  0.05060(   33)  0.04210(    9) -0.03483(  209) -0.03344(  391) -0.03299(  257) 
                        -0.03013(  373) -0.02994(  239) -0.02872(  189)  0.02836(  351) -0.02783(  169) -0.02673(  280) 
                        -0.02673(  124)  0.02669(  271) -0.02611(  175)  0.02493(   39) -0.02490(  251)  0.02472(   51) 
                         0.02446(  146)  0.02375(  316)  0.02372(  289) -0.02286(  253) -0.02245(   49) -0.02226(  317) 
                        -0.02182(   34)  0.02181(  205)  0.02104(  183)  0.02093(   69)  0.02063(  340)  0.02024(  118) 
                        -0.01925(  174)  0.01906(  108) -0.01834(  301) -0.01833(  256) -0.01813(   10)  0.01802(   42) 
                        -0.01800(  213) -0.01793(  147)  0.01783(   91)  0.01770(  371) -0.01756(  352) -0.01721(  322) 
                        -0.01714(   31)  0.01665(  295) 

   0)    0.7375  94.8    0.73833(    3) -0.62232(    4) -0.11555(    2)  0.08649(   52) -0.07649(  371) -0.07006(  353) 
                        -0.07003(  373) -0.06629(  352)  0.05656(  391) -0.05248(  271) -0.05191(  253)  0.04736(   51) 
                        -0.04590(  232)  0.04562(  110)  0.04554(  295)  0.04540(   69)  0.04393(  233)  0.04317(  351) 
                         0.04189(  393) -0.04113(   33) -0.04094(  175) -0.04052(  194) -0.03990(  115) -0.03980(  217) 
                         0.03829(   68) -0.03811(  177) -0.03803(    9) -0.03231(  309) -0.03220(   49)  0.03201(    8) 
                        -0.03134(  189)  0.02786(  172)  0.02773(  183)  0.02757(  108) -0.02639(  245)  0.02408(  169) 
                        -0.02398(  297) -0.02394(  128) -0.02381(  337)  0.02359(  162)  0.02346(  228) -0.02330(  280) 
                         0.02311(  214)  0.02285(  179) -0.02284(   90)  0.02250(  181) -0.02211(  209) -0.02170(  314) 
                         0.02158(  273) -0.02148(  329) 

   0)    1.6940  92.7    0.95831(    1)  0.07230(  189)  0.06309(  169)  0.06269(  229) -0.05957(  310) -0.05828(  330) 
                        -0.05655(   49)  0.05582(  249) -0.05494(  290)  0.05420(  309) -0.05408(  190) -0.05400(  170) 
                         0.05367(    9)  0.05365(  209) -0.05188(  210)  0.05149(    8)  0.05141(    7)  0.05127(  269) 
                        -0.05066(   13)  0.04862(  289)  0.04608(  329)  0.04482(   88) -0.04470(   90)  0.04400(   91) 
                        -0.02887(   31) -0.02617(   67)  0.02569(   93) -0.02331(   10) -0.02052(  270) -0.01973(  250) 
                        -0.01917(  230) -0.01842(   86) -0.01834(  371) -0.01787(  317)  0.01711(  100)  0.01631(  316) 
                        -0.01554(   87) -0.01552(   68)  0.01541(  108) -0.01521(   34)  0.01515(   51) -0.01446(  218) 
                         0.01440(   94) -0.01439(  298)  0.01426(   96)  0.01413(   95)  0.01366(  102) -0.01349(  338) 
                        -0.01345(  103) -0.01272(  178) 

   0)    2.1320  93.6    0.75692(    7) -0.53401(    8) -0.24376(    9) -0.11434(   52)  0.09473(  351)  0.08021(  309) 
                         0.07227(    3)  0.07012(    2) -0.06802(   49)  0.05926(    4)  0.05737(  189) -0.05624(   90) 
                         0.05580(  231)  0.05174(  249) -0.05121(  209)  0.05025(  289) -0.04779(  213) -0.04645(   34) 
                         0.04534(   51) -0.04506(  391) -0.04399(  124) -0.04299(  280)  0.04230(  333) -0.04210(  175) 
                         0.04038(   76) -0.04030(   10)  0.03953(  229)  0.03948(   68) -0.03937(  203)  0.03885(  384) 
                        -0.03843(    5) -0.03818(  257)  0.03773(  340)  0.03644(  295) -0.03643(  219)  0.03381(  404) 
                        -0.03364(  393)  0.03363(  271)  0.03348(  199) -0.03339(   70) -0.03338(  371)  0.03279(   88) 
                        -0.03208(  329) -0.03204(   12)  0.03186(  115) -0.03094(  184) -0.02960(  179)  0.02959(   69) 
                        -0.02912(  204) -0.02899(  239) 

   0)    2.1320  95.9    0.73389(    9) -0.63122(    8) -0.17634(  371) -0.12470(   33) -0.11396(    7)  0.10167(   67) 
                         0.09145(  251)  0.08804(  391)  0.08656(   31)  0.08636(   52) -0.08324(   49)  0.08302(  108) 
                         0.08258(   51) -0.08256(  373) -0.08207(   34) -0.06667(  209) -0.06619(  352) -0.06483(  253) 
                         0.06312(    6)  0.06021(  295) -0.05899(  175)  0.05310(   69)  0.05073(  392)  0.04985(  369) 
                        -0.04819(  232) -0.04785(   68)  0.04675(   87) -0.04493(   70) -0.04441(  269) -0.04349(  353) 
                         0.04338(    4) -0.04274(   32)  0.04270(  309) -0.04260(  317) -0.04068(   12)  0.04051(  290) 
                        -0.03869(   71)  0.03724(  230)  0.03718(   42) -0.03616(   59) -0.03541(  272) -0.03490(  218) 
                         0.03454(  351) -0.03404(  257) -0.03347(   90)  0.03341(  118)  0.03278(  233)  0.03250(   39) 
                         0.03214(   66)  0.03156(  250) 

   0)    2.2841   1.4   -0.22107(   31)  0.21732(   67)  0.18228(   69) -0.16976(  309)  0.16121(  372)  0.15322(  351) 
                        -0.15239(  209)  0.15170(   33)  0.15117(   86) -0.13944(  220)  0.12864(   51) -0.12447(   59) 
                         0.12392(  108) -0.12377(   13)  0.11789(  203)  0.11449(  169)  0.11274(  183) -0.10873(  252) 
                        -0.10597(   57)  0.10351(   88)  0.09956(  329)  0.09937(  392) -0.09742(  274)  0.09701(  118) 
                         0.09691(  202) -0.09644(  190)  0.09570(   70) -0.09376(  325) -0.09370(  170)  0.09354(  389) 
                        -0.09348(   32)  0.09272(   91)  0.08945(  185) -0.08884(   71)  0.08776(   68) -0.08766(  301) 
                        -0.08668(  254) -0.08430(  330) -0.08389(  349) -0.08373(  310)  0.08373(  223) -0.08227(  257) 
                        -0.08128(  317)  0.08104(  205) -0.07954(  279) -0.07834(  322) -0.07784(  300) -0.07716(  256) 
                        -0.07603(  234)  0.07560(   39) 

   0)    2.2849   4.6   -0.37088(   49) -0.35641(  351) -0.30741(   68)  0.24778(  289)  0.22309(  169)  0.20683(   33) 
                        -0.19186(   34) -0.18856(   67)  0.17708(  391) -0.17444(  372) -0.15874(  231) -0.14512(  393) 
                         0.14482(   51) -0.13858(   32) -0.13391(  392)  0.12968(  329) -0.12869(  333)  0.12843(  252) 
                        -0.12658(   70) -0.12620(  373)  0.11629(  146)  0.11345(   31)  0.11288(  189)  0.11085(    4) 
                         0.11073(  211)  0.10933(  170)  0.10814(  201) -0.10808(  196) -0.10754(    8) -0.10461(   76) 
                         0.10291(  221)  0.10231(  213)  0.10149(  290)  0.10039(   42) -0.09654(  171)  0.09530(  118) 
                         0.09436(   69) -0.09393(  291)  0.09340(  183) -0.09306(  404)  0.09273(   14)  0.09249(  180) 
                        -0.09225(  191) -0.09219(  273)  0.09185(  272)  0.09174(  224) -0.08977(  239)  0.08927(  310) 
                        -0.08896(  257) -0.08863(  108) 

   0)    2.2859   5.4    0.69322(   67)  0.27839(   33) -0.19157(   80) -0.18800(   31)  0.18488(  183)  0.17812(   49) 
                         0.17639(  189)  0.15451(  329)  0.15389(  169) -0.15225(  177) -0.15029(  217)  0.14945(   51) 
                        -0.14104(  211) -0.14017(  160)  0.13811(    4)  0.13757(  172)  0.13620(  201)  0.13472(   42) 
                         0.13471(  214) -0.13367(  257) -0.13336(  341) -0.13273(  194)  0.13224(   69) -0.13147(  372) 
                        -0.13007(  110)  0.12781(  192) -0.12552(  321)  0.12311(  315)  0.12107(  317)  0.12063(  265) 
                        -0.12023(  184) -0.12022(   12) -0.11736(  204)  0.11671(  180) -0.11331(  124) -0.11298(  231) 
                         0.11083(  384)  0.10917(   87) -0.10521(  209) -0.10497(  173) -0.10165(  406) -0.09956(  333) 
                         0.09837(  285)  0.09823(   24) -0.09721(   81) -0.09721(   83) -0.09637(  225) -0.09616(  197) 
                         0.09572(  295)  0.09529(  252) 

   0)    2.3037   1.5   -0.58599(   31) -0.24152(   50)  0.22855(   70) -0.21404(   32) -0.21170(   49)  0.19537(   67) 
                         0.17397(  351)  0.16922(   69)  0.13814(  309) -0.12980(  329) -0.12953(  183) -0.12895(   68) 
                         0.11286(  209) -0.11153(  203)  0.10826(   52) -0.10694(   86)  0.09576(   34)  0.09057(  257) 
                         0.08663(  124) -0.08622(  202)  0.08387(   57) -0.07934(  227)  0.07827(   59)  0.07694(  220) 
                        -0.07577(  223) -0.07570(  169) -0.07557(  185) -0.07530(  372) -0.07488(  108)  0.07385(  145) 
                        -0.07358(  389) -0.07234(  201) -0.07225(   91) -0.07109(  343)  0.07020(  325) -0.06930(  229) 
                         0.06891(  256) -0.06855(   88) -0.06810(  243) -0.06716(    4) -0.06671(  181) -0.06617(   76) 
                         0.06605(  327)  0.06537(  199)  0.06529(  301) -0.06528(  205) -0.06472(  384) -0.06403(  118) 
                        -0.06354(   39) -0.06328(  189) 
          10  Vectors requested -           10 found on disc in the file 
 dav_vecs.init       
 Number of rydberg states           6
 Cnfs contributing to the Rydbergs           1           5           6
          10          11          12
 selecting states nr.           4
 selecting states nr.           9
 selecting states nr.           8
 selecting states nr.          10
 selecting states nr.           6
 selecting states nr.           7
 selecting states nr.           5
 selecting states nr.           2
 selecting states nr.           1
 selecting states nr.           3
          10 states has been selected
 Calculating transition moments in x direction. for the initial manifold
 The following initial states were selected
  Eigenval        a.u.          Ev  Trans.Mom.

------------------------------------------------------------

         1 |   0.73748    20.06798     0.00000     0.00000  | 0.822809(      2) -.457917(      4) -.245452(      3) -.074641(     52) -.051709(    329)
         2 |   0.73748    20.06798     0.00000     0.00000  | 0.738329(      3) -.622316(      4) -.115550(      2) 0.086494(     52) -.076491(    371)
         3 |   0.79138    21.53456     0.00000     0.00000  | -.553210(      4) -.553209(      2) -.553209(      3) -.088720(    351) 0.088720(    391)
         4 |   1.69399    46.09572     0.00000     0.00000  | 0.958306(      1) 0.072299(    189) 0.063092(    169) 0.062695(    229) -.059573(    310)
         5 |   2.13199    58.01431     0.00000     0.00000  | 0.756917(      7) -.534012(      8) -.243756(      9) -.114340(     52) 0.094732(    351)
         6 |   2.13199    58.01431     0.00000     0.00000  | 0.733889(      9) -.631223(      8) -.176336(    371) -.124698(     33) -.113956(      7)
         7 |   2.28407    62.15271     0.00000     0.00000  | -.221066(     31) 0.217325(     67) 0.182284(     69) -.169756(    309) 0.161210(    372)
         8 |   2.28494    62.17641     0.00000     0.00000  | -.370880(     49) -.356410(    351) -.307406(     68) 0.247784(    289) 0.223094(    169)
         9 |   2.28594    62.20373     0.00000     0.00000  | 0.693219(     67) 0.278392(     33) -.191575(     80) -.187996(     31) 0.184880(    183)
        10 |   2.30369    62.68667     0.00000     0.00000  | -.585993(     31) -.241522(     50) 0.228554(     70) -.214045(     32) -.211699(     49)
 The requested Fano state lies at energy of  0.737484552528838       a.u.
 Selecting final 1h1p subspace

***             Number of 1h-1p configs in the IS ADC      0

------------------------------------------------------------
 Singly excited configurations allowed in the Fin. St. Manif.

*   CNF   SPN   HL1   PT1

 Selecting final 2h2p subspace

***      Number of 2h-2p |abij> configs in the FS ADC      0

------------------------------------------------------------
  Doubly excited |abij> configs allowed in the Fin. St. Manif.

*   CNF   SPN   HL1   HL2   PT1   PT2

 Final space dim           0
 Writing the off-diagonal part of ADC matrix in file hmlt.offf 
           0  off-diagonal elements saved
 Writing the diagonal part of ADC matrix in file hmlt.diaf 
 -----ADC2  Info-----
 ndimf           0
 ndimi         408
 nstate          10
 ninista           1
 noffdiag           0
 --------------------
 Doing gammas for state nr.           1
 Warning. Non-orthogonal iniitial and final subspaces           0
 ADC2 GammaVec built successfully
 lmain must not be greater than nout!
